2024-07-02 17:00:03-root-DEBUG-This is a debug message
2024-07-02 17:00:03-root-INFO-This is an info message
2024-07-02 17:00:03-root-WARNING-This is a warning message
2024-07-02 17:00:03-root-ERROR-This is an error message
2024-07-02 17:00:03-root-CRITICAL-This is a critical message
2024-07-02 17:00:04-root-DEBUG-This is a debug message
2024-07-02 17:00:04-root-INFO-This is an info message
2024-07-02 17:00:04-root-WARNING-This is a warning message
2024-07-02 17:00:04-root-ERROR-This is an error message
2024-07-02 17:00:04-root-CRITICAL-This is a critical message
2024-07-02 17:00:06-root-DEBUG-This is a Debug Message
2024-07-02 17:00:06-root-INFO-This is a Info Message
2024-07-02 17:00:06-root-WARNING-This is a Warning Message
2024-07-02 17:00:06-root-ERROR-This is a Error Message
2024-07-02 17:00:06-root-CRITICAL-This is a Debug Message
2024-07-02 17:00:21-root-DEBUG-This is a Debug Message
2024-07-02 17:00:21-root-INFO-This is a Info Message
2024-07-02 17:00:21-root-WARNING-This is a Warning Message
2024-07-02 17:00:21-root-ERROR-This is a Error Message
2024-07-02 17:00:21-root-CRITICAL-This is a Debug Message
2024-07-02 17:00:23-root-DEBUG-This is a debug message
2024-07-02 17:00:23-root-INFO-This is an info message
2024-07-02 17:00:23-root-WARNING-This is a warning message
2024-07-02 17:00:23-root-ERROR-This is an error message
2024-07-02 17:00:23-root-CRITICAL-This is a critical message
2024-07-02 17:00:24-root-DEBUG-This is a Debug Message
2024-07-02 17:00:24-root-INFO-This is a Info Message
2024-07-02 17:00:24-root-WARNING-This is a Warning Message
2024-07-02 17:00:24-root-ERROR-This is a Error Message
2024-07-02 17:00:24-root-CRITICAL-This is a Debug Message
